2024-07-10 22:44:34: Login attempt for Admin2 was failed
2024-07-10 22:44:46: Login attempt for Admin2 was failed
2024-07-10 22:45:06: Login attempt for Admin2 was failed
2024-07-10 22:45:16: Login attempt for Admin2 was failed
2024-07-10 22:45:19: Login attempt for  was failed
2024-07-10 22:57:10: Login attempt for Admin2 was failed
2024-07-10 22:57:12: Login attempt for  was failed
2024-07-11 16:50:59: Login attempt for Testing was failed
2024-07-11 16:51:16: Login attempt for Admin was failed
2024-07-11 16:51:39: Login attempt for admin2 was failed
2024-07-11 16:54:35: Login attempt for Testing was failed
2024-07-11 16:54:46: Login attempt for Testing was failed
2024-07-12 00:13:38: Login attempt for  was failed
2024-07-12 15:39:10: Login attempt for Testing was failed
2024-07-12 15:39:26: Login attempt for Admin3 was failed
2024-07-12 15:39:31: Login attempt for admin3 was failed
2024-07-12 15:52:47: Login attempt for Admin was failed
2024-07-12 15:53:01: Login attempt for Admin3 was failed
2024-07-12 16:08:55: Login attempt for admin was failed
2024-07-12 16:09:49: Login attempt for admin was failed
2024-07-12 16:20:05: Login attempt for TestReg was failed
2024-07-12 16:38:17: Login attempt for Admin2 was successful
2024-07-12 16:39:17: Login attempt for Admin2 was successful
2024-07-12 16:40:24: Login attempt for TestHash was successful
2024-07-12 16:48:28: Login attempt for TestHash was successful
2024-07-12 16:49:07: Login attempt for  was failed
